build/app/intermediates/manifest_merge_blame_file/debug/processDebugMainManifest/manifest-merger-blame-debug-report.txt
1<?xml version="1.0" encoding="utf-8"?>
2<manifest xmlns:android="http://schemas.android.com/apk/res/android"
3    package="com.example.my_vpn_app"
4    android:versionCode="1"
5    android:versionName="1.0.0" >
6
7    <uses-sdk
8        android:minSdkVersion="21"
9        android:targetSdkVersion="35" />
10    <!--
11         The INTERNET permission is required for development. Specifically,
12         the Flutter tool needs it to communicate with the running application
13         to allow setting breakpoints, to provide hot reload, etc.
14    -->
15    <uses-permission android:name="android.permission.INTERNET" />
15-->src\debug\AndroidManifest.xml:6:5-66
15-->src\debug\AndroidManifest.xml:6:22-64
16    <!--
17     Required to query activities that can process text, see:
18         https://developer.android.com/training/package-visibility and
19         https://developer.android.com/reference/android/content/Intent#ACTION_PROCESS_TEXT.
20
21         In particular, this is used by the Flutter engine in io.flutter.plugin.text.ProcessTextPlugin.
22    -->
23    <queries>
23-->src\main\AndroidManifest.xml:45:5-50:15
24        <intent>
24-->src\main\AndroidManifest.xml:46:9-49:18
25            <action android:name="android.intent.action.PROCESS_TEXT" />
25-->src\main\AndroidManifest.xml:47:13-72
25-->src\main\AndroidManifest.xml:47:21-70
26
27            <data android:mimeType="text/plain" />
27-->src\main\AndroidManifest.xml:48:13-50
27-->src\main\AndroidManifest.xml:48:19-48
28        </intent>
29    </queries>
30
31    <uses-permission android:name="android.permission.ACCESS_NETWORK_STATE" />
31-->[:openvpn_flutter] AndroidManifest.xml:8:5-79
31-->[:openvpn_flutter] AndroidManifest.xml:8:22-76
32    <uses-permission
32-->[:openvpn_flutter] AndroidManifest.xml:9:5-11:38
33        android:name="android.permission.FOREGROUND_SERVICE_SYSTEM_EXEMPTED"
33-->[:openvpn_flutter] AndroidManifest.xml:10:9-77
34        android:minSdkVersion="34" />
34-->[:openvpn_flutter] AndroidManifest.xml:11:9-35
35    <uses-permission android:name="android.permission.FOREGROUND_SERVICE" />
35-->[com.github.nizwar:openvpn_library:b3941ef040] AndroidManifest.xml:12:5-77
35-->[com.github.nizwar:openvpn_library:b3941ef040] AndroidManifest.xml:12:22-74
36    <uses-permission android:name="android.permission.POST_NOTIFICATIONS" />
36-->[com.github.nizwar:openvpn_library:b3941ef040] AndroidManifest.xml:13:5-77
36-->[com.github.nizwar:openvpn_library:b3941ef040] AndroidManifest.xml:13:22-74
37
38    <permission
38-->[androidx.core:core:1.13.1] AndroidManifest.xml:22:5-24:47
39        android:name="com.example.my_vpn_app.DYNAMIC_RECEIVER_NOT_EXPORTED_PERMISSION"
39-->[androidx.core:core:1.13.1] AndroidManifest.xml:23:9-81
40        android:protectionLevel="signature" />
40-->[androidx.core:core:1.13.1] AndroidManifest.xml:24:9-44
41
42    <uses-permission android:name="com.example.my_vpn_app.DYNAMIC_RECEIVER_NOT_EXPORTED_PERMISSION" />
42-->[androidx.core:core:1.13.1] AndroidManifest.xml:26:5-97
42-->[androidx.core:core:1.13.1] AndroidManifest.xml:26:22-94
43
44    <application
45        android:name="android.app.Application"
46        android:appComponentFactory="androidx.core.app.CoreComponentFactory"
46-->[androidx.core:core:1.13.1] AndroidManifest.xml:28:18-86
47        android:debuggable="true"
48        android:extractNativeLibs="true"
49        android:icon="@mipmap/ic_launcher"
50        android:label="my_vpn_app" >
51        <activity
52            android:name="com.example.my_vpn_app.MainActivity"
53            android:configChanges="orientation|keyboardHidden|keyboard|screenSize|smallestScreenSize|locale|layoutDirection|fontScale|screenLayout|density|uiMode"
54            android:exported="true"
55            android:hardwareAccelerated="true"
56            android:launchMode="singleTop"
57            android:taskAffinity=""
58            android:theme="@style/LaunchTheme"
59            android:windowSoftInputMode="adjustResize" >
60
61            <!--
62                 Specifies an Android theme to apply to this Activity as soon as
63                 the Android process has started. This theme is visible to the user
64                 while the Flutter UI initializes. After that, this theme continues
65                 to determine the Window background behind the Flutter UI.
66            -->
67            <meta-data
68                android:name="io.flutter.embedding.android.NormalTheme"
69                android:resource="@style/NormalTheme" />
70
71            <intent-filter>
72                <action android:name="android.intent.action.VIEW" />
73
74                <category android:name="android.intent.category.DEFAULT" />
74-->[com.github.nizwar:openvpn_library:b3941ef040] AndroidManifest.xml:39:17-76
74-->[com.github.nizwar:openvpn_library:b3941ef040] AndroidManifest.xml:39:27-73
75                <category android:name="android.intent.category.BROWSABLE" />
76
77                <data
77-->src\main\AndroidManifest.xml:48:13-50
78                    android:host="config"
79                    android:scheme="vpnapp" />
80            </intent-filter>
81            <intent-filter>
82                <action android:name="android.intent.action.MAIN" />
82-->[com.github.nizwar:openvpn_library:b3941ef040] AndroidManifest.xml:37:17-69
82-->[com.github.nizwar:openvpn_library:b3941ef040] AndroidManifest.xml:37:25-66
83
84                <category android:name="android.intent.category.LAUNCHER" />
85            </intent-filter>
86        </activity>
87        <!--
88             Don't delete the meta-data below.
89             This is used by the Flutter tool to generate GeneratedPluginRegistrant.java
90        -->
91        <meta-data
92            android:name="flutterEmbedding"
93            android:value="2" />
94
95        <service
95-->[:openvpn_flutter] AndroidManifest.xml:14:9-18:48
96            android:name="de.blinkt.openvpn.core.OpenVPNService"
96-->[:openvpn_flutter] AndroidManifest.xml:15:13-65
97            android:exported="false"
97-->[:openvpn_flutter] AndroidManifest.xml:16:13-37
98            android:foregroundServiceType="systemExempted"
98-->[:openvpn_flutter] AndroidManifest.xml:17:13-59
99            android:permission="android.permission.BIND_VPN_SERVICE" >
99-->[com.github.nizwar:openvpn_library:b3941ef040] AndroidManifest.xml:24:13-69
100            <intent-filter>
100-->[com.github.nizwar:openvpn_library:b3941ef040] AndroidManifest.xml:25:13-27:29
101                <action android:name="android.net.VpnService" />
101-->[com.github.nizwar:openvpn_library:b3941ef040] AndroidManifest.xml:26:17-65
101-->[com.github.nizwar:openvpn_library:b3941ef040] AndroidManifest.xml:26:25-62
102            </intent-filter>
103        </service>
104
105        <activity
105-->[com.github.nizwar:openvpn_library:b3941ef040] AndroidManifest.xml:16:9-19:45
106            android:name="de.blinkt.openvpn.VPNHelper"
106-->[com.github.nizwar:openvpn_library:b3941ef040] AndroidManifest.xml:17:13-55
107            android:exported="true" />
107-->[com.github.nizwar:openvpn_library:b3941ef040] AndroidManifest.xml:18:13-36
108        <activity
108-->[com.github.nizwar:openvpn_library:b3941ef040] AndroidManifest.xml:30:9-41:20
109            android:name="de.blinkt.openvpn.LaunchVPN"
109-->[com.github.nizwar:openvpn_library:b3941ef040] AndroidManifest.xml:31:13-55
110            android:excludeFromRecents="true"
110-->[com.github.nizwar:openvpn_library:b3941ef040] AndroidManifest.xml:32:13-46
111            android:exported="true"
111-->[com.github.nizwar:openvpn_library:b3941ef040] AndroidManifest.xml:33:13-36
112            android:label="@string/vpn_launch_title"
112-->[com.github.nizwar:openvpn_library:b3941ef040] AndroidManifest.xml:34:13-53
113            android:theme="@android:style/Theme.DeviceDefault.Light.Panel" >
113-->[com.github.nizwar:openvpn_library:b3941ef040] AndroidManifest.xml:35:13-75
114            <intent-filter>
114-->[com.github.nizwar:openvpn_library:b3941ef040] AndroidManifest.xml:36:13-40:29
115                <action android:name="android.intent.action.MAIN" />
115-->[com.github.nizwar:openvpn_library:b3941ef040] AndroidManifest.xml:37:17-69
115-->[com.github.nizwar:openvpn_library:b3941ef040] AndroidManifest.xml:37:25-66
116
117                <category android:name="android.intent.category.DEFAULT" />
117-->[com.github.nizwar:openvpn_library:b3941ef040] AndroidManifest.xml:39:17-76
117-->[com.github.nizwar:openvpn_library:b3941ef040] AndroidManifest.xml:39:27-73
118            </intent-filter>
119        </activity>
120        <activity
120-->[com.github.nizwar:openvpn_library:b3941ef040] AndroidManifest.xml:42:9-48:52
121            android:name="de.blinkt.openvpn.DisconnectVPNActivity"
121-->[com.github.nizwar:openvpn_library:b3941ef040] AndroidManifest.xml:43:13-67
122            android:excludeFromRecents="true"
122-->[com.github.nizwar:openvpn_library:b3941ef040] AndroidManifest.xml:44:13-46
123            android:exported="true"
123-->[com.github.nizwar:openvpn_library:b3941ef040] AndroidManifest.xml:45:13-36
124            android:noHistory="true"
124-->[com.github.nizwar:openvpn_library:b3941ef040] AndroidManifest.xml:46:13-37
125            android:taskAffinity=".DisconnectVPN"
125-->[com.github.nizwar:openvpn_library:b3941ef040] AndroidManifest.xml:47:13-50
126            android:theme="@style/blinkt.dialog" />
126-->[com.github.nizwar:openvpn_library:b3941ef040] AndroidManifest.xml:48:13-49
127
128        <uses-library
128-->[androidx.window:window:1.2.0] AndroidManifest.xml:23:9-25:40
129            android:name="androidx.window.extensions"
129-->[androidx.window:window:1.2.0] AndroidManifest.xml:24:13-54
130            android:required="false" />
130-->[androidx.window:window:1.2.0] AndroidManifest.xml:25:13-37
131        <uses-library
131-->[androidx.window:window:1.2.0] AndroidManifest.xml:26:9-28:40
132            android:name="androidx.window.sidecar"
132-->[androidx.window:window:1.2.0] AndroidManifest.xml:27:13-51
133            android:required="false" />
133-->[androidx.window:window:1.2.0] AndroidManifest.xml:28:13-37
134
135        <provider
135-->[androidx.emoji2:emoji2:1.2.0] AndroidManifest.xml:24:9-32:20
136            android:name="androidx.startup.InitializationProvider"
136-->[androidx.emoji2:emoji2:1.2.0] AndroidManifest.xml:25:13-67
137            android:authorities="com.example.my_vpn_app.androidx-startup"
137-->[androidx.emoji2:emoji2:1.2.0] AndroidManifest.xml:26:13-68
138            android:exported="false" >
138-->[androidx.emoji2:emoji2:1.2.0] AndroidManifest.xml:27:13-37
139            <meta-data
139-->[androidx.emoji2:emoji2:1.2.0] AndroidManifest.xml:29:13-31:52
140                android:name="androidx.emoji2.text.EmojiCompatInitializer"
140-->[androidx.emoji2:emoji2:1.2.0] AndroidManifest.xml:30:17-75
141                android:value="androidx.startup" />
141-->[androidx.emoji2:emoji2:1.2.0] AndroidManifest.xml:31:17-49
142            <meta-data
142-->[androidx.lifecycle:lifecycle-process:2.7.0] AndroidManifest.xml:29:13-31:52
143                android:name="androidx.lifecycle.ProcessLifecycleInitializer"
143-->[androidx.lifecycle:lifecycle-process:2.7.0] AndroidManifest.xml:30:17-78
144                android:value="androidx.startup" />
144-->[androidx.lifecycle:lifecycle-process:2.7.0] AndroidManifest.xml:31:17-49
145            <meta-data
145-->[androidx.profileinstaller:profileinstaller:1.3.1] AndroidManifest.xml:29:13-31:52
146                android:name="androidx.profileinstaller.ProfileInstallerInitializer"
146-->[androidx.profileinstaller:profileinstaller:1.3.1] AndroidManifest.xml:30:17-85
147                android:value="androidx.startup" />
147-->[androidx.profileinstaller:profileinstaller:1.3.1] AndroidManifest.xml:31:17-49
148        </provider>
149
150        <receiver
150-->[androidx.profileinstaller:profileinstaller:1.3.1] AndroidManifest.xml:34:9-52:20
151            android:name="androidx.profileinstaller.ProfileInstallReceiver"
151-->[androidx.profileinstaller:profileinstaller:1.3.1] AndroidManifest.xml:35:13-76
152            android:directBootAware="false"
152-->[androidx.profileinstaller:profileinstaller:1.3.1] AndroidManifest.xml:36:13-44
153            android:enabled="true"
153-->[androidx.profileinstaller:profileinstaller:1.3.1] AndroidManifest.xml:37:13-35
154            android:exported="true"
154-->[androidx.profileinstaller:profileinstaller:1.3.1] AndroidManifest.xml:38:13-36
155            android:permission="android.permission.DUMP" >
155-->[androidx.profileinstaller:profileinstaller:1.3.1] AndroidManifest.xml:39:13-57
156            <intent-filter>
156-->[androidx.profileinstaller:profileinstaller:1.3.1] AndroidManifest.xml:40:13-42:29
157                <action android:name="androidx.profileinstaller.action.INSTALL_PROFILE" />
157-->[androidx.profileinstaller:profileinstaller:1.3.1] AndroidManifest.xml:41:17-91
157-->[androidx.profileinstaller:profileinstaller:1.3.1] AndroidManifest.xml:41:25-88
158            </intent-filter>
159            <intent-filter>
159-->[androidx.profileinstaller:profileinstaller:1.3.1] AndroidManifest.xml:43:13-45:29
160                <action android:name="androidx.profileinstaller.action.SKIP_FILE" />
160-->[androidx.profileinstaller:profileinstaller:1.3.1] AndroidManifest.xml:44:17-85
160-->[androidx.profileinstaller:profileinstaller:1.3.1] AndroidManifest.xml:44:25-82
161            </intent-filter>
162            <intent-filter>
162-->[androidx.profileinstaller:profileinstaller:1.3.1] AndroidManifest.xml:46:13-48:29
163                <action android:name="androidx.profileinstaller.action.SAVE_PROFILE" />
163-->[androidx.profileinstaller:profileinstaller:1.3.1] AndroidManifest.xml:47:17-88
163-->[androidx.profileinstaller:profileinstaller:1.3.1] AndroidManifest.xml:47:25-85
164            </intent-filter>
165            <intent-filter>
165-->[androidx.profileinstaller:profileinstaller:1.3.1] AndroidManifest.xml:49:13-51:29
166                <action android:name="androidx.profileinstaller.action.BENCHMARK_OPERATION" />
166-->[androidx.profileinstaller:profileinstaller:1.3.1] AndroidManifest.xml:50:17-95
166-->[androidx.profileinstaller:profileinstaller:1.3.1] AndroidManifest.xml:50:25-92
167            </intent-filter>
168        </receiver>
169    </application>
170
171</manifest>